warning: The selected output language "russian" has not been updated
since release 1.8.15.  As a result some sentences may appear in English.

D:/C projects/Quadratic equation solver 2/main.c:177: warning: unable to resolve link to 'rCount' for \link command
D:/C projects/Quadratic equation solver 2/doxygen/html/main_8c_aee4bf40af12e3fcd89e348ae5ab55abb_cgraph.dot:1: error: Problems running dot: exit code=-1, command='dot', arguments='"D:/C projects/Quadratic equation solver 2/doxygen/html/main_8c_aee4bf40af12e3fcd89e348ae5ab55abb_cgraph.dot" -Tpng -o "D:/C projects/Quadratic equation solver 2/doxygen/html/main_8c_aee4bf40af12e3fcd89e348ae5ab55abb_cgraph.png"'

D:/C projects/Quadratic equation solver 2/doxygen/html/graph_legend.dot:1: error: Problems running dot: exit code=-1, command='dot', arguments='"D:/C projects/Quadratic equation solver 2/doxygen/html/graph_legend.dot" -Tpng -o "D:/C projects/Quadratic equation solver 2/doxygen/html/graph_legend.png"'

D:/C projects/Quadratic equation solver 2/doxygen/html/main_8c_ab2bb425606c98f9b6b31c3b81f1dffed_cgraph.dot:1: error: Problems running dot: exit code=-1, command='dot', arguments='"D:/C projects/Quadratic equation solver 2/doxygen/html/main_8c_ab2bb425606c98f9b6b31c3b81f1dffed_cgraph.dot" -Tpng -o "D:/C projects/Quadratic equation solver 2/doxygen/html/main_8c_ab2bb425606c98f9b6b31c3b81f1dffed_cgraph.png"'

D:/C projects/Quadratic equation solver 2/doxygen/html/main_8c__incl.dot:1: error: Problems running dot: exit code=-1, command='dot', arguments='"D:/C projects/Quadratic equation solver 2/doxygen/html/main_8c__incl.dot" -Tpng -o "D:/C projects/Quadratic equation solver 2/doxygen/html/main_8c__incl.png"'

D:/C projects/Quadratic equation solver 2/doxygen/html/main_8c_ae66f6b31b5ad750f1fe042a706a4e3d4_cgraph.dot:1: error: Problems running dot: exit code=-1, command='dot', arguments='"D:/C projects/Quadratic equation solver 2/doxygen/html/main_8c_ae66f6b31b5ad750f1fe042a706a4e3d4_cgraph.dot" -Tpng -o "D:/C projects/Quadratic equation solver 2/doxygen/html/main_8c_ae66f6b31b5ad750f1fe042a706a4e3d4_cgraph.png"'

error: problems opening map file D:/C projects/Quadratic equation solver 2/doxygen/html/main_8c__incl.map for inclusion in the docs!
If you installed Graphviz/dot after a previous failing run, 
try deleting the output directory and rerun doxygen.
error: problems opening map file D:/C projects/Quadratic equation solver 2/doxygen/html/main_8c_aee4bf40af12e3fcd89e348ae5ab55abb_cgraph.map for inclusion in the docs!
If you installed Graphviz/dot after a previous failing run, 
try deleting the output directory and rerun doxygen.
error: problems opening map file D:/C projects/Quadratic equation solver 2/doxygen/html/main_8c_ab2bb425606c98f9b6b31c3b81f1dffed_cgraph.map for inclusion in the docs!
If you installed Graphviz/dot after a previous failing run, 
try deleting the output directory and rerun doxygen.
error: problems opening map file D:/C projects/Quadratic equation solver 2/doxygen/html/main_8c_ae66f6b31b5ad750f1fe042a706a4e3d4_cgraph.map for inclusion in the docs!
If you installed Graphviz/dot after a previous failing run, 
try deleting the output directory and rerun doxygen.
error: failed to run html help compiler on index.hhp
